<?xml version="1.0" encoding="UTF-8"?>
<!-- Generated by org.testng.reporters.JUnitReportReporter -->
<testsuite skipped="0" hostname="DESKTOP-5JHV4KP" name="jenkintesting.sampletest" tests="3" failures="0" timestamp="06 Jun 2020 13:13:42 GMT" time="0.010" errors="0">
  <testcase name="test1" time="0.008" classname="jenkintesting.sampletest"/>
  <testcase name="test3" time="0.000" classname="jenkintesting.sampletest"/>
  <testcase name="test2" time="0.002" classname="jenkintesting.sampletest"/>
</testsuite> <!-- jenkintesting.sampletest -->
